\BOOKMARK [0][-]{chapter.1}{Motivation}{}% 1
\BOOKMARK [1][-]{section.1.1}{The Purpose of a Lab Report}{chapter.1}% 2
\BOOKMARK [1][-]{section.1.2}{The Purpose of a Seminar Paper}{chapter.1}% 3
\BOOKMARK [1][-]{section.1.3}{The Purpose of a Master Thesis}{chapter.1}% 4
\BOOKMARK [0][-]{chapter.2}{Choosing the Appropriate Tool}{}% 5
\BOOKMARK [1][-]{section.2.1}{LaTeX}{chapter.2}% 6
\BOOKMARK [1][-]{section.2.2}{Open Office, MS Word, etc.}{chapter.2}% 7
\BOOKMARK [1][-]{section.2.3}{Recommendation}{chapter.2}% 8
\BOOKMARK [0][-]{chapter.3}{Formal Basics}{}% 9
\BOOKMARK [1][-]{section.3.1}{The Volume of a Paper}{chapter.3}% 10
\BOOKMARK [1][-]{section.3.2}{The Front Page}{chapter.3}% 11
\BOOKMARK [1][-]{section.3.3}{Font}{chapter.3}% 12
\BOOKMARK [1][-]{section.3.4}{Language}{chapter.3}% 13
\BOOKMARK [0][-]{chapter.4}{Structure}{}% 14
\BOOKMARK [1][-]{section.4.1}{The Introduction}{chapter.4}% 15
\BOOKMARK [1][-]{section.4.2}{The Main Part}{chapter.4}% 16
\BOOKMARK [1][-]{section.4.3}{The Conclusion}{chapter.4}% 17
\BOOKMARK [0][-]{chapter.5}{The Correct Usage of ...}{}% 18
\BOOKMARK [1][-]{section.5.1}{Footnotes}{chapter.5}% 19
\BOOKMARK [1][-]{section.5.2}{Page Numbers}{chapter.5}% 20
\BOOKMARK [1][-]{section.5.3}{Figures}{chapter.5}% 21
\BOOKMARK [1][-]{section.5.4}{Tables}{chapter.5}% 22
\BOOKMARK [1][-]{section.5.5}{Quotations}{chapter.5}% 23
\BOOKMARK [1][-]{section.5.6}{References}{chapter.5}% 24
\BOOKMARK [2][-]{subsection.5.6.1}{What do I reference?}{section.5.6}% 25
\BOOKMARK [2][-]{subsection.5.6.2}{How do I reference?}{section.5.6}% 26
\BOOKMARK [2][-]{subsection.5.6.3}{BibTeX}{section.5.6}% 27
\BOOKMARK [1][-]{section.5.7}{Abbreviations}{chapter.5}% 28
\BOOKMARK [1][-]{section.5.8}{Headlines and Titles}{chapter.5}% 29
\BOOKMARK [1][-]{section.5.9}{Indices}{chapter.5}% 30
\BOOKMARK [1][-]{section.5.10}{Programming Code}{chapter.5}% 31
\BOOKMARK [0][-]{chapter.6}{Conclusion}{}% 32
